+
+
+
    SINCE 2015-01-13
    ~~~~~~~~~~~~~~~~
    [m] CrH_GFX3.dll
    [m] GFX3_D3D8.dll
    [m] GFX3_D3D9.dll
    [m] plugin/zFreeImage.dll
+
+
+
    SINCE 2015-01-12
    ~~~~~~~~~~~~~~~~
    [m] CrH_GFX3.dll
    [m] QstData.exe
    [m] QstDataImp.dll
    [m] QstMenu.exe
+
+
+
    SINCE 2015-01-09
    ~~~~~~~~~~~~~~~~
    [m] CrH_GFX3.dll
    [m] GFX3_D3D8.dll
    [m] GFX3_D3D9.dll
+
+
+
    SINCE 2015-01-04
    ~~~~~~~~~~~~~~~~
    [m] CrH_GFX3.dll
    [m] CrH_CORE.dll
+
+
+