questlab
├─bin
│  ├─config
│  ├─output
│  ├─plugin
│  ├─script
│  │  ├─filter
│  │  │  ├─crhack
│  │  │  └─opencv
│  │  └─import
│  │      └─jpn
│  │          ├─falcom
│  │          └─gainax
│  ├─source
│  │  ├─import
│  │  │  └─image
│  │  ├─tessdata
│  │  └─ucfont
│  └─window
│      └─1920x1080
├─doc
├─inc
│  ├─chip
│  ├─comm
│  ├─conf
│  ├─fmtz
│  ├─gfx2
│  ├─gfx3
│  ├─l3rd
│  │  └─dxsdk
│  │      └─wm50
│  └─port
├─lib
│  ├─crhack
│  ├─devil
│  ├─dxsdk
│  ├─fi
│  ├─fmod
│  ├─gcasdk
│  ├─opencv
│  ├─tess
│  ├─unrar
│  └─vtv
├─ocv
│  ├─opencv
│  └─opencv2
│      ├─calib3d
│      ├─contrib
│      ├─core
│      ├─features2d
│      ├─flann
│      ├─gpu
│      │  └─device
│      │      └─detail
│      ├─highgui
│      ├─imgproc
│      ├─legacy
│      ├─ml
│      ├─nonfree
│      ├─objdetect
│      ├─ocl
│      ├─photo
│      ├─stitching
│      │  └─detail
│      ├─ts
│      ├─video
│      ├─videostab
│      └─world
├─src
│  ├─CrHackSet
│  ├─CrH_BLIT
│  ├─CrH_FMTZ
│  │  ├─devil
│  │  ├─ego
│  │  ├─expand
│  │  ├─falcom
│  │  ├─fi
│  │  ├─fmod
│  │  ├─nscripter
│  │  ├─syn
│  │  │  └─gcasdk
│  │  ├─tgl
│  │  ├─tjpgdec
│  │  └─unrar
│  ├─CrH_GFX2
│  │  └─gapi
│  ├─ocr3rd
│  │  └─tess
│  ├─OpenCV
│  ├─QstCmdz
│  ├─QstIndex
│  ├─QstInfoz
│  ├─QstLibs
│  ├─QstMedia
│  ├─QstMenu
│  ├─QstMount
│  ├─QstServ
│  ├─QstText
│  │  └─sci
│  ├─QstTree
│  │  └─res
│  ├─QstView2D
│  ├─QuestLAB
│  ├─ResLoader
│  ├─ResRouter
│  ├─RunWebIE
│  ├─xIMGLAB
│  ├─xImpScript
│  ├─xParamSet
│  └─xSelectDir
├─tmp
└─vtv
