+
+
+
    SINCE 2013-05-31
    ~~~~~~~~~~~~~~~~
    [m] CrH_CORE.dll
    [m] QstView2D.exe
    [m] xIMGLAB.exe
+
+
+
    SINCE 2013-05-09
    ~~~~~~~~~~~~~~~~
    [m] CrH_BLIT.dll
    [m] CrH_CORE.dll
    [m] plugin/xCrHackSet.dll
+
+
+
    SINCE 2013-05-06
    ~~~~~~~~~~~~~~~~
    [m] plugin/xCrHackSet.dll
    [+] plugin/zEGO.dll
+
+
+
    SINCE 2013-04-22
    ~~~~~~~~~~~~~~~~
    [m] CrH_BLIT.dll
    [m] CrH_CORE.dll
    [m] plugin/xCrHackSet.dll
    [m] QuestLAB.exe
+
+
+
    SINCE 2013-04-12
    ~~~~~~~~~~~~~~~~
    [m] plugin/xCrHackSet.dll
    [m] QstText.exe
    [m] QstTree.exe
    [m] QstMount.exe
    [m] plugin/zNScripter.dll
    [m] QstMenu.exe
    [m] CrH_CORE.dll
+
+
+
    SINCE 2013-04-12
    ~~~~~~~~~~~~~~~~
    [m] plugin/xCrHackSet.dll
    [m] plugin/xOpenCV.dll
+
+
+
    SINCE 2013-04-07
    ~~~~~~~~~~~~~~~~
    [m] plugin/xCrHackSet.dll
    [m] plugin/xOpenCV.dll
    [m] CrH_CORE.dll
    [m] CrH_BLIT.dll
+
+
+
    SINCE 2013-03-29
    ~~~~~~~~~~~~~~~~
    [m] QstTree.exe
    [m] QstMedia.exe
    [m] QstView2D.exe
    [m] plugin/xCrHackSet.dll
    [m] plugin/xOpenCV.dll
    [+] xIMGLAB.exe
    [+] plugin/zNScripter.dll
    [m] CrH_FMTZ.dll
    [m] plugin/zRAR.dll
    [m] plugin/zSYN.dll
    [m] CrH_CORE.dll
    [m] QstMenu.exe
+
+
+
    SINCE 2013-03-28
    ~~~~~~~~~~~~~~~~
    [+] plugin/xOpenCV.dll
    [m] plugin/xCrHackSet.dll
+
+
+
    SINCE 2013-03-24
    ~~~~~~~~~~~~~~~~
    [m] QstMedia.exe
    [m] QstMount.exe
    [m] QstText.exe
    [m] QstView2D.exe
    [+] plugin/xOpenCV.dll
    [m] QstTree.exe
    [+] opencv_core244.dll
    [+] opencv_highgui244.dll
    [+] opencv_imgproc244.dll
    [m] plugin/xCrHackSet.dll
+
+
+
    SINCE 2013-03-21
    ~~~~~~~~~~~~~~~~
    [m] QstView2D.exe
    [m] QstMenu.exe
    [+] plugin/xCrHackSet.dll
    [m] CrH_BLIT.dll
    [m] CrH_CORE.dll
    [m] xImpScript.exe
    [m] QstText.exe
+
+
+
    SINCE 2013-03-16
    ~~~~~~~~~~~~~~~~
    [m] QstText.exe
    [m] xParamSet.exe
    [m] CrH_BLIT.dll
    [m] CrH_CORE.dll
    [m] GFX2_GDI.dll
    [m] QstTree.exe
    [m] QstView2D.exe
+
+
+
    SINCE 2013-03-14
    ~~~~~~~~~~~~~~~~
    [+] QstText.exe
    [m] xSelectDir.exe
    [m] xParamSet.exe
+
+
+
    SINCE 2013-03-05
    ~~~~~~~~~~~~~~~~
    [m] plugin/zRAR.dll
    [+] QstText.exe
    [+] SciLexer.dll
    [m] QstMenu.exe
    [m] QstIndex.exe
    [m] QstInfoz.exe
    [m] QstMedia.exe
    [m] QstTree.exe
    [m] QstView2D.exe
    [m] QstMount.exe
    [m] QuestLAB.exe
    [m] CrH_CORE.dll
+
+
+
    SINCE 2013-02-26
    ~~~~~~~~~~~~~~~~
    [m] CrH_FMTZ.dll
    [m] plugin/zSYN.dll
    [m] QstTree.exe
    [m] fmodex.dll
    [m] plugin/zFMOD.dll
    [+] unrar.dll
    [+] plugin/zRAR.dll
    [+] plugin/zExpand.dll
+
+
+