8x300
adsp21xx
alpha
alpha_nt
alpha_unix
alpha_vms
alto2
a5000
a5500
am29000
amis2000
apexc
arc
arcompact
arm
arm7
arm7_be
arm7thumb
arm7thumbb
asap
avr8
axc51core
axc208
b5000
b5500
b6000
b6100
c33
capricorn
ccpu
cdc160
cdc160a
cdc1700
cdp1801
cdp1802
cdp1805
clipper
coldfire
cop410
cop420
cop444
cop424
cp1610
cpu16
cr16a
cr16b
cr16c
cquestlin
cquestrot
cquestsnd
cyber18
ddp516
dp8344
ds5002fp
ds80c320
dsp16
dsp32c
dsp56000
dsp56156
dsp563xx
dspp
e0c6200
epg3231
esrip
f2mc16
f8
fr
fscpu32
g65816
gigatron
gt913
h6280
h8
h8h
h8s2000
h8s2600
h8500
h16
hc11
hcd62121
hd6120
hd61700
hd6301
hd6309
hd63701
hmcs40
hmcs400
hp2100
hp21mx
hp_5061_3001
hp_5061_3011
hp_09825_67907
hpc16083
hpc16164
hyperstone
ht1130
i4004
i4040
i8008
i802x
i8051
i8052
i8085
i8089
i80c52
i860
i8x9x
i8xc196
i8xc51fx
i8xc51gb
i960
ibm1130
ibm1800
ie15
interdata16
jaguardsp
jaguargpu
konami
ks0164
kl1839vm1
lc57
lc58
lc8670
lh5801
lr35902
m146805
m16c
m32c
m37710
m4510
m58846
m6502
m6509
m6510
m65ce02
m6800
m68000
m68008
m6801
m68010
m6802
m68020
m6803
m68030
m68040
m6805
m6808
m6809
m68hc05
m740
mb86233
mb86235
mb88xx
mc88100
mc88110
mcs48
minx
mips1be
mips1le
mips3be
mips3le
mipsx
mk1
mm5799
mm76
mm78
mn10200
mn10300
mn1400
mn1610
mn1613
mn1860
mn1870
mn1880
msm65x2
nanoprocessor
nec
nios2
nova
ns32000
nuon
nsc8105
nx8_500s
p8xc552
p8xc562
pace
palm
patinho_feio
pdp1
pdp8
pic16
pic16c5x
pic1670
pic16c62x
pic17
power
powerpc
pps4
prime16s
prime32r
prime32s
prime64r
prime64v
psxcpu
r65c02
r65c19
r800
romp
rsp
rupi44
rx01
s2650
sab80515
sab80c515
saturn
sc61860
scmp
score7
scudsp
se3208
sh2
sh4
sh4be
sharc
sigma2
sm500
sm510
sm511
sm530
sm590
sm5a
sm8500
smc1102
sonix16
sparclite
sparcv7
sparcv8
sparcv9
sparcv9vis1
sparcv9vis2
sparcv9vis2p
sparcv9vis3
sparcv9vis3b
spc700
ssem
ssp1601
st62xx
st9
st9p
superfx
t11
tlcs870
tlcs900
tmp90c051
tmp90840
tmp90844
tms0980
tms1000
tms1100
tms1400
tms2100
tms2400
tms32010
tms32025
tms32031
tms32051
tms32082_mp
tms32082_pp
tms34010
tms34020
tms57002
tms7000
tms9900
tms9980
tms9995
tp0320
tx0_64kw
tx0_8kw
tx0_8kwo
ucom4
unsp10
unsp12
unsp20
upd177x
upd777
upd7725
upd7801
upd78c05
upd7807
upd7810
upd78014
upd78024
upd78044a
upd78054
upd78064
upd78078
upd78083
upd78138
upd78148
upd78214
upd78218a
upd78224
upd78234
upd78244
upd780024a
upd78312
upd78322
upd78328
upd78334
upd78352
upd78356
upd78366a
upd78372
upd784026
upd784038
upd784046
upd784054
upd784216
upd784218
upd784225
upd780065
upd780988
upd78k0kx1
upd78k0kx2
upi41
v60
v620
v620f
v75
v810
v850
v850es
v850e2
vax
vt50
vt52
vt61
w65c02
we32100
x86_16
x86_32
x86_64
xa
xavix
xavix2000
xavix2
xerox530
xtensa
z180
z8
z80
z8000
